<?xml version="1.0" encoding="UTF-8"?>
<!-- Generated by org.testng.reporters.JUnitReportReporter -->
<testsuite hostname="LAPTOP-IKA23L7Q" failures="0" tests="2" name="Main.testcase.demo" time="6.984" errors="0" timestamp="22 Feb 2023 15:08:10 GMT" skipped="0">
  <testcase classname="Main.testcase.demo" name="test" time="4.165"/>
  <testcase classname="Main.testcase.demo" name="test" time="2.819"/>
</testsuite> <!-- Main.testcase.demo -->
