<?xml version="1.0" encoding="UTF-8"?>
<!-- Generated by org.testng.reporters.JUnitReportReporter -->
<testsuite hostname="LAPTOP-IKA23L7Q" failures="0" tests="2" name="Main.testcase.demo" time="7.140" errors="0" timestamp="23 Feb 2023 08:06:03 GMT" skipped="0">
  <testcase classname="Main.testcase.demo" name="test" time="2.982"/>
  <testcase classname="Main.testcase.demo" name="test" time="4.158"/>
</testsuite> <!-- Main.testcase.demo -->
