<?xml version="1.0" encoding="UTF-8"?>
<!-- Generated by org.testng.reporters.JUnitReportReporter -->
<testsuite hostname="LAPTOP-30GKFPTR" failures="0" tests="5" name="Main.testcase.Testcase" time="18.428" errors="0" timestamp="23 Feb 2023 08:37:06 GMT" skipped="0">
  <testcase classname="Main.testcase.Testcase" name="Register_Test" time="3.912"/>
  <testcase classname="Main.testcase.Testcase" name="Register_Test" time="2.672"/>
  <testcase classname="Main.testcase.Testcase" name="Login_Test" time="3.495"/>
  <testcase classname="Main.testcase.Testcase" name="Login_Test" time="4.595"/>
  <testcase classname="Main.testcase.Testcase" name="Login_Test" time="3.754"/>
</testsuite> <!-- Main.testcase.Testcase -->
