<?xml version="1.0" encoding="UTF-8"?>
<!-- Generated by org.testng.reporters.JUnitReportReporter -->
<testsuite hostname="LAPTOP-IKA23L7Q" failures="0" tests="2" name="Main.testcase.demo" time="6.310" errors="0" timestamp="23 Feb 2023 05:31:28 GMT" skipped="0">
  <testcase classname="Main.testcase.demo" name="test" time="3.118"/>
  <testcase classname="Main.testcase.demo" name="test" time="3.192"/>
</testsuite> <!-- Main.testcase.demo -->
